{"level":"info","message":"POST /api/auth/send-otp","timestamp":"2025-02-05T13:16:54.805Z"}
{"level":"info","message":"POST /api/auth/send-otp","timestamp":"2025-02-05T13:28:22.469Z"}
{"level":"info","message":"POST /api/auth/login","timestamp":"2025-02-05T13:28:36.191Z"}
{"level":"info","message":"POST /api/auth/login","timestamp":"2025-02-05T13:28:58.110Z"}
{"level":"info","message":"POST /api/auth/login","timestamp":"2025-02-05T13:32:20.254Z"}
{"level":"info","message":"POST /api/auth/login","timestamp":"2025-02-05T13:33:05.565Z"}
{"level":"info","message":"POST /api/auth/login","timestamp":"2025-02-05T13:33:35.272Z"}
{"level":"info","message":"POST /api/auth/login","timestamp":"2025-02-05T13:33:57.826Z"}
{"level":"info","message":"POST /api/auth/login","timestamp":"2025-02-05T13:35:06.905Z"}
{"level":"info","message":"POST /api/auth/login","timestamp":"2025-02-05T13:35:39.909Z"}
{"level":"info","message":"POST /api/auth/login","timestamp":"2025-02-05T13:37:03.386Z"}
{"level":"info","message":"POST /api/auth/login","timestamp":"2025-02-05T13:38:34.563Z"}
{"level":"info","message":"POST /api/auth/login","timestamp":"2025-02-05T13:39:52.630Z"}
{"level":"info","message":"POST /api/auth/login","timestamp":"2025-02-05T13:40:41.122Z"}
{"level":"info","message":"POST /api/auth/login","timestamp":"2025-02-05T13:40:46.532Z"}
{"level":"info","message":"POST /api/auth/send-otp","timestamp":"2025-02-05T13:41:10.336Z"}
{"level":"info","message":"POST /api/auth/send-otp","timestamp":"2025-02-05T13:42:38.877Z"}
{"level":"info","message":"POST /api/auth/login","timestamp":"2025-02-05T13:43:03.345Z"}
{"level":"info","message":"GET /api-docs/","timestamp":"2025-02-05T14:09:28.524Z"}
{"level":"info","message":"GET /api-docs/swagger-ui.css","timestamp":"2025-02-05T14:09:28.738Z"}
{"level":"info","message":"GET /api-docs/swagger-ui-init.js","timestamp":"2025-02-05T14:09:28.755Z"}
{"level":"info","message":"GET /api-docs/swagger-ui-bundle.js","timestamp":"2025-02-05T14:09:28.763Z"}
{"level":"info","message":"GET /api-docs/swagger-ui-standalone-preset.js","timestamp":"2025-02-05T14:09:28.777Z"}
{"level":"info","message":"GET /api-docs/swagger-ui-init.js","timestamp":"2025-02-05T14:09:28.860Z"}
{"level":"info","message":"GET /api-docs/swagger-ui-standalone-preset.js","timestamp":"2025-02-05T14:09:28.873Z"}
{"level":"info","message":"GET /api-docs/swagger-ui-bundle.js","timestamp":"2025-02-05T14:09:28.892Z"}
{"level":"info","message":"GET /api-docs/favicon-32x32.png","timestamp":"2025-02-05T14:09:29.512Z"}
{"level":"info","message":"GET /api-docs/","timestamp":"2025-02-05T14:11:03.661Z"}
{"level":"info","message":"GET /api-docs/swagger-ui.css","timestamp":"2025-02-05T14:11:03.705Z"}
{"level":"info","message":"GET /api-docs/swagger-ui-bundle.js","timestamp":"2025-02-05T14:11:03.716Z"}
{"level":"info","message":"GET /api-docs/swagger-ui-standalone-preset.js","timestamp":"2025-02-05T14:11:03.723Z"}
{"level":"info","message":"GET /api-docs/swagger-ui-init.js","timestamp":"2025-02-05T14:11:03.726Z"}
{"level":"info","message":"GET /api-docs/swagger-ui-standalone-preset.js","timestamp":"2025-02-05T14:11:03.772Z"}
{"level":"info","message":"GET /api-docs/swagger-ui-init.js","timestamp":"2025-02-05T14:11:03.789Z"}
{"level":"info","message":"GET /api-docs/favicon-32x32.png","timestamp":"2025-02-05T14:11:04.056Z"}
{"level":"info","message":"GET /api-docs/favicon-32x32.png","timestamp":"2025-02-05T14:11:04.250Z"}
{"level":"info","message":"GET /api-docs/swagger-ui-bundle.js","timestamp":"2025-02-05T14:11:04.795Z"}
{"level":"info","message":"POST /api/auth/send-otp","timestamp":"2025-02-05T14:16:27.595Z"}
{"level":"info","message":"POST /api/auth/send-otp","timestamp":"2025-02-05T14:16:51.386Z"}
{"level":"info","message":"POST /api/auth/send-otp","timestamp":"2025-02-05T14:17:13.842Z"}
{"level":"info","message":"GET /api-docs/","timestamp":"2025-02-05T14:22:13.183Z"}
{"level":"info","message":"GET /api-docs/swagger-ui.css","timestamp":"2025-02-05T14:22:13.262Z"}
{"level":"info","message":"GET /api-docs/swagger-ui-init.js","timestamp":"2025-02-05T14:22:13.266Z"}
{"level":"info","message":"GET /api-docs/swagger-ui-bundle.js","timestamp":"2025-02-05T14:22:13.281Z"}
{"level":"info","message":"GET /api-docs/swagger-ui-standalone-preset.js","timestamp":"2025-02-05T14:22:13.289Z"}
{"level":"info","message":"GET /api-docs/swagger-ui-init.js","timestamp":"2025-02-05T14:22:13.371Z"}
{"level":"info","message":"GET /api-docs/swagger-ui-standalone-preset.js","timestamp":"2025-02-05T14:22:13.376Z"}
{"level":"info","message":"GET /api-docs/swagger-ui-bundle.js","timestamp":"2025-02-05T14:22:13.391Z"}
{"level":"info","message":"GET /api-docs/favicon-32x32.png","timestamp":"2025-02-05T14:22:13.801Z"}
{"level":"info","message":"GET /api-docs/","timestamp":"2025-02-05T16:29:24.681Z"}
{"level":"info","message":"GET /api-docs/swagger-ui.css","timestamp":"2025-02-05T16:29:24.726Z"}
{"level":"info","message":"GET /api-docs/swagger-ui-bundle.js","timestamp":"2025-02-05T16:29:24.733Z"}
{"level":"info","message":"GET /api-docs/swagger-ui-standalone-preset.js","timestamp":"2025-02-05T16:29:24.737Z"}
{"level":"info","message":"GET /api-docs/swagger-ui-init.js","timestamp":"2025-02-05T16:29:24.740Z"}
{"level":"info","message":"GET /api-docs/favicon-32x32.png","timestamp":"2025-02-05T16:29:24.975Z"}
{"level":"info","message":"GET /api-docs/","timestamp":"2025-02-05T17:02:10.544Z"}
{"level":"info","message":"GET /api-docs/swagger-ui.css","timestamp":"2025-02-05T17:02:10.948Z"}
{"level":"info","message":"GET /api-docs/swagger-ui-init.js","timestamp":"2025-02-05T17:02:10.975Z"}
{"level":"info","message":"GET /api-docs/swagger-ui-bundle.js","timestamp":"2025-02-05T17:02:11.011Z"}
{"level":"info","message":"GET /api-docs/swagger-ui-standalone-preset.js","timestamp":"2025-02-05T17:02:11.018Z"}
{"level":"info","message":"GET /api-docs/favicon-32x32.png","timestamp":"2025-02-05T17:02:12.337Z"}
{"level":"info","message":"GET /api-docs/","timestamp":"2025-02-08T07:19:09.607Z"}
{"level":"info","message":"GET /api-docs/swagger-ui.css","timestamp":"2025-02-08T07:19:09.924Z"}
{"level":"info","message":"GET /api-docs/swagger-ui-init.js","timestamp":"2025-02-08T07:19:09.944Z"}
{"level":"info","message":"GET /api-docs/swagger-ui-standalone-preset.js","timestamp":"2025-02-08T07:19:09.956Z"}
{"level":"info","message":"GET /api-docs/swagger-ui-bundle.js","timestamp":"2025-02-08T07:19:09.958Z"}
{"level":"info","message":"GET /api-docs/favicon-32x32.png","timestamp":"2025-02-08T07:19:10.547Z"}
{"level":"info","message":"GET /","timestamp":"2025-02-08T07:19:21.036Z"}
{"level":"info","message":"GET /api-docs/","timestamp":"2025-02-08T07:19:42.780Z"}
{"level":"info","message":"GET /api-docs/swagger-ui.css","timestamp":"2025-02-08T07:19:42.829Z"}
{"level":"info","message":"GET /api-docs/swagger-ui-bundle.js","timestamp":"2025-02-08T07:19:42.839Z"}
{"level":"info","message":"GET /api-docs/swagger-ui-standalone-preset.js","timestamp":"2025-02-08T07:19:42.842Z"}
{"level":"info","message":"GET /api-docs/swagger-ui-init.js","timestamp":"2025-02-08T07:19:42.850Z"}
{"level":"info","message":"GET /api-docs/favicon-32x32.png","timestamp":"2025-02-08T07:19:43.104Z"}
{"level":"info","message":"GET /api-docs/","timestamp":"2025-02-08T07:31:20.996Z"}
{"level":"info","message":"GET /api-docs/swagger-ui.css","timestamp":"2025-02-08T07:31:21.046Z"}
{"level":"info","message":"GET /api-docs/swagger-ui-bundle.js","timestamp":"2025-02-08T07:31:21.062Z"}
{"level":"info","message":"GET /api-docs/swagger-ui-init.js","timestamp":"2025-02-08T07:31:21.067Z"}
{"level":"info","message":"GET /api-docs/swagger-ui-standalone-preset.js","timestamp":"2025-02-08T07:31:21.075Z"}
{"level":"info","message":"GET /api-docs/favicon-32x32.png","timestamp":"2025-02-08T07:31:21.541Z"}
{"level":"info","message":"GET /api-docs/favicon-32x32.png","timestamp":"2025-02-08T07:31:21.861Z"}
{"level":"info","message":"POST /subscription/create","timestamp":"2025-02-09T18:22:48.365Z"}
{"level":"info","message":"POST /api/subscription/create","timestamp":"2025-02-09T18:23:33.890Z"}
{"level":"info","message":"POST /api/subscription/create","timestamp":"2025-02-09T18:24:09.025Z"}
{"level":"info","message":"POST /api/subscription/create","timestamp":"2025-02-09T18:29:29.891Z"}
{"level":"info","message":"POST /api/subscription/create","timestamp":"2025-02-09T18:34:03.152Z"}
{"level":"info","message":"POST /api/subscription/create","timestamp":"2025-02-09T18:36:13.051Z"}
{"level":"info","message":"POST /api/subscription/create","timestamp":"2025-02-09T18:38:13.764Z"}
{"level":"info","message":"POST /api/subscription/create","timestamp":"2025-02-09T18:39:58.644Z"}
{"level":"info","message":"GET /api-docs/","timestamp":"2025-02-11T16:53:07.074Z"}
{"level":"info","message":"GET /api-docs/swagger-ui.css","timestamp":"2025-02-11T16:53:07.226Z"}
{"level":"info","message":"GET /api-docs/swagger-ui-bundle.js","timestamp":"2025-02-11T16:53:07.241Z"}
{"level":"info","message":"GET /api-docs/swagger-ui-init.js","timestamp":"2025-02-11T16:53:07.246Z"}
{"level":"info","message":"GET /api-docs/swagger-ui-standalone-preset.js","timestamp":"2025-02-11T16:53:07.255Z"}
{"level":"info","message":"GET /","timestamp":"2025-02-11T16:55:12.562Z"}
{"level":"info","message":"GET /api-docs/","timestamp":"2025-02-11T17:02:43.325Z"}
{"level":"info","message":"GET /api-docs/swagger-ui.css","timestamp":"2025-02-11T17:02:44.241Z"}
{"level":"info","message":"GET /api-docs/swagger-ui-bundle.js","timestamp":"2025-02-11T17:02:44.275Z"}
{"level":"info","message":"GET /api-docs/swagger-ui-standalone-preset.js","timestamp":"2025-02-11T17:02:44.298Z"}
{"level":"info","message":"GET /api-docs/swagger-ui-init.js","timestamp":"2025-02-11T17:02:44.305Z"}
{"level":"info","message":"GET /api-docs/favicon-32x32.png","timestamp":"2025-02-11T17:03:07.792Z"}
{"level":"info","message":"POST /api/subscription/create","timestamp":"2025-02-11T17:07:23.997Z"}
{"level":"info","message":"POST /api/subscription/create","timestamp":"2025-02-11T17:22:09.511Z"}
{"level":"info","message":"POST /api/subscription/create","timestamp":"2025-02-11T17:25:00.144Z"}
{"level":"info","message":"POST /api/subscription/create","timestamp":"2025-02-11T17:25:16.417Z"}
{"level":"info","message":"POST /api/subscription/create","timestamp":"2025-02-11T17:32:33.668Z"}
{"level":"info","message":"POST /api/subscription/create","timestamp":"2025-02-11T17:34:45.264Z"}
{"level":"info","message":"POST /api/subscription/create","timestamp":"2025-02-11T17:37:45.962Z"}
{"level":"info","message":"GET /api/subscription/create","timestamp":"2025-02-11T17:38:10.970Z"}
{"level":"info","message":"POST /api/audience/create","timestamp":"2025-02-11T19:15:38.384Z"}
{"level":"info","message":"POST /api/audience/create","timestamp":"2025-02-11T19:16:24.810Z"}
{"level":"info","message":"POST /api/audience/create","timestamp":"2025-02-11T19:16:46.919Z"}
{"level":"info","message":"POST /api/audience/create","timestamp":"2025-02-11T19:17:11.832Z"}
{"level":"info","message":"POST /api/audience/create","timestamp":"2025-02-11T19:17:59.994Z"}
{"level":"info","message":"POST /api/audience/create","timestamp":"2025-02-11T19:19:06.564Z"}
{"level":"info","message":"POST /api/audience/create","timestamp":"2025-02-11T19:21:56.500Z"}
{"level":"info","message":"POST /api/audience/create","timestamp":"2025-02-11T19:23:02.476Z"}
